[debug] [2021-07-19T07:38:52.431Z] ----------------------------------------------------------------------
[debug] [2021-07-19T07:38:52.433Z] Command:       /usr/local/bin/node /usr/local/bin/firebase emulators:start --only firestore
[debug] [2021-07-19T07:38:52.433Z] CLI Version:   9.16.0
[debug] [2021-07-19T07:38:52.433Z] Platform:      darwin
[debug] [2021-07-19T07:38:52.433Z] Node Version:  v14.2.0
[debug] [2021-07-19T07:38:52.435Z] Time:          Mon Jul 19 2021 16:38:52 GMT+0900 (Japan Standard Time)
[debug] [2021-07-19T07:38:52.435Z] ----------------------------------------------------------------------
[debug] 
[debug] [2021-07-19T07:38:52.479Z] > command requires scopes: ["email","openid","https://www.googleapis.com/auth/cloudplatformprojects.readonly","https://www.googleapis.com/auth/firebase","https://www.googleapis.com/auth/cloud-platform"]
[debug] [2021-07-19T07:38:52.479Z] > authorizing via signed-in user (quick.resp.biz094@gmail.com)
[info] i  emulators: Starting emulators: firestore {"metadata":{"emulator":{"name":"hub"},"message":"Starting emulators: firestore"}}
[debug] [2021-07-19T07:38:52.495Z] [hub] writing locator at /var/folders/pf/jqz8h25d17jddblzdkkqfqgr0000gn/T/hub-symphony-forum.json
[debug] [2021-07-19T07:38:52.541Z] Ignoring unsupported arg: projectId {"metadata":{"emulator":{"name":"firestore"},"message":"Ignoring unsupported arg: projectId"}}
[debug] [2021-07-19T07:38:52.542Z] Ignoring unsupported arg: auto_download {"metadata":{"emulator":{"name":"firestore"},"message":"Ignoring unsupported arg: auto_download"}}
[debug] [2021-07-19T07:38:52.542Z] Starting Firestore Emulator with command {"binary":"java","args":["-Dgoogle.cloud_firestore.debug_log_level=FINE","-Duser.language=en","-jar","/Users/inouejoushi/.cache/firebase/emulators/cloud-firestore-emulator-v1.13.1.jar","--host","localhost","--port",8080,"--rules","/Users/inouejoushi/workspace3/symphony-forum/firestore.rules"],"optionalArgs":["port","webchannel_port","host","rules","functions_emulator","seed_from_export"],"joinArgs":false} {"metadata":{"emulator":{"name":"firestore"},"message":"Starting Firestore Emulator with command {\"binary\":\"java\",\"args\":[\"-Dgoogle.cloud_firestore.debug_log_level=FINE\",\"-Duser.language=en\",\"-jar\",\"/Users/inouejoushi/.cache/firebase/emulators/cloud-firestore-emulator-v1.13.1.jar\",\"--host\",\"localhost\",\"--port\",8080,\"--rules\",\"/Users/inouejoushi/workspace3/symphony-forum/firestore.rules\"],\"optionalArgs\":[\"port\",\"webchannel_port\",\"host\",\"rules\",\"functions_emulator\",\"seed_from_export\"],\"joinArgs\":false}"}}
[info] i  firestore: Firestore Emulator logging to firestore-debug.log {"metadata":{"emulator":{"name":"firestore"},"message":"Firestore Emulator logging to \u001b[1mfirestore-debug.log\u001b[22m"}}
[debug] [2021-07-19T07:38:58.459Z] Jul 19, 2021 4:38:58 PM com.google.cloud.datastore.emulator.firestore.websocket.WebSocketServer start
INFO: Started WebSocket server on ws://localhost:53507
 {"metadata":{"emulator":{"name":"firestore"},"message":"Jul 19, 2021 4:38:58 PM com.google.cloud.datastore.emulator.firestore.websocket.WebSocketServer start\nINFO: Started WebSocket server on ws://localhost:53507\n"}}
[debug] [2021-07-19T07:38:58.478Z] API endpoint: http:// {"metadata":{"emulator":{"name":"firestore"},"message":"API endpoint: http://"}}
[debug] [2021-07-19T07:38:58.479Z] localhost:8080
If you are using a library that supports the FIRESTORE_EMULATOR_HOST environment variable, run:

   export FIRESTORE_EMULATOR_HOST=localhost:8080

Dev App Server is now running.

 {"metadata":{"emulator":{"name":"firestore"},"message":"localhost:8080\nIf you are using a library that supports the FIRESTORE_EMULATOR_HOST environment variable, run:\n\n   export FIRESTORE_EMULATOR_HOST=localhost:8080\n\nDev App Server is now running.\n\n"}}
[info] i  ui: downloading ui-v1.6.0.zip... {"metadata":{"emulator":{"name":"ui"},"message":"downloading ui-v1.6.0.zip..."}}
[debug] [2021-07-19T07:38:58.692Z] >>> [apiv2][query] GET https://storage.googleapis.com/firebase-preview-drop/emulator/ui-v1.6.0.zip 
[debug] [2021-07-19T07:38:58.820Z] <<< [apiv2][status] GET https://storage.googleapis.com/firebase-preview-drop/emulator/ui-v1.6.0.zip 200
[debug] [2021-07-19T07:38:58.820Z] <<< [apiv2][body] GET https://storage.googleapis.com/firebase-preview-drop/emulator/ui-v1.6.0.zip [stream]
[info] i  ui: Removing outdated emulator files: ui-v1.4.2 {"metadata":{"emulator":{"name":"ui"},"message":"Removing outdated emulator files: ui-v1.4.2"}}
[info] i  ui: Removing outdated emulator files: ui-v1.4.2.zip {"metadata":{"emulator":{"name":"ui"},"message":"Removing outdated emulator files: ui-v1.4.2.zip"}}
[debug] [2021-07-19T07:38:59.408Z] Ignoring unsupported arg: auto_download {"metadata":{"emulator":{"name":"ui"},"message":"Ignoring unsupported arg: auto_download"}}
[debug] [2021-07-19T07:38:59.408Z] Ignoring unsupported arg: port {"metadata":{"emulator":{"name":"ui"},"message":"Ignoring unsupported arg: port"}}
[debug] [2021-07-19T07:38:59.408Z] Starting Emulator UI with command {"binary":"node","args":["/Users/inouejoushi/.cache/firebase/emulators/ui-v1.6.0/server.bundle.js"],"optionalArgs":[],"joinArgs":false} {"metadata":{"emulator":{"name":"ui"},"message":"Starting Emulator UI with command {\"binary\":\"node\",\"args\":[\"/Users/inouejoushi/.cache/firebase/emulators/ui-v1.6.0/server.bundle.js\"],\"optionalArgs\":[],\"joinArgs\":false}"}}
[info] i  ui: Emulator UI logging to ui-debug.log {"metadata":{"emulator":{"name":"ui"},"message":"Emulator UI logging to \u001b[1mui-debug.log\u001b[22m"}}
[debug] [2021-07-19T07:38:59.512Z] Web / API server started at localhost:4000
 {"metadata":{"emulator":{"name":"ui"},"message":"Web / API server started at localhost:4000\n"}}
[info] 
┌─────────────────────────────────────────────────────────────┐
│ ✔  All emulators ready! It is now safe to connect your app. │
│ i  View Emulator UI at http://localhost:4000                │
└─────────────────────────────────────────────────────────────┘

┌───────────┬────────────────┬─────────────────────────────────┐
│ Emulator  │ Host:Port      │ View in Emulator UI             │
├───────────┼────────────────┼─────────────────────────────────┤
│ Firestore │ localhost:8080 │ http://localhost:4000/firestore │
└───────────┴────────────────┴─────────────────────────────────┘
  Emulator Hub running at localhost:4400
  Other reserved ports: 4500

Issues? Report them at https://github.com/firebase/firebase-tools/issues and attach the *-debug.log files.
 
[debug] [2021-07-19T07:42:10.726Z] Received signal SIGHUP 1
[info]  
[info] i  emulators: Received SIGHUP for the first time. Starting a clean shutdown. 
[info] i  emulators: Please wait for a clean shutdown or send the SIGHUP signal again to stop right now. 
[info] i  emulators: Shutting down emulators. {"metadata":{"emulator":{"name":"hub"},"message":"Shutting down emulators."}}
[info] i  ui: Stopping Emulator UI {"metadata":{"emulator":{"name":"ui"},"message":"Stopping Emulator UI"}}
[warn] ⚠  Emulator UI has exited upon receiving signal: SIGINT 
[debug] [2021-07-19T07:42:10.733Z] Error: write EIO
    at afterWriteDispatched (internal/stream_base_commons.js:154:25)
    at writeGeneric (internal/stream_base_commons.js:145:3)
    at WriteStream.Socket._writeGeneric (net.js:783:11)
    at WriteStream.Socket._write (net.js:795:8)
    at writeOrBuffer (_stream_writable.js:353:12)
    at WriteStream.Writable.write (_stream_writable.js:303:12)
    at Console.log (/usr/local/lib/node_modules/firebase-tools/node_modules/winston/lib/winston/transports/console.js:79:23)
    at Console._write (/usr/local/lib/node_modules/firebase-tools/node_modules/winston-transport/index.js:103:17)
    at doWrite (/usr/local/lib/node_modules/firebase-tools/node_modules/winston-transport/node_modules/readable-stream/lib/_stream_writable.js:428:64)
    at writeOrBuffer (/usr/local/lib/node_modules/firebase-tools/node_modules/winston-transport/node_modules/readable-stream/lib/_stream_writable.js:417:5)
    at Console.Writable.write (/usr/local/lib/node_modules/firebase-tools/node_modules/winston-transport/node_modules/readable-stream/lib/_stream_writable.js:334:11)
    at DerivedLogger.ondata (/usr/local/lib/node_modules/firebase-tools/node_modules/readable-stream/lib/_stream_readable.js:681:20)
    at DerivedLogger.emit (events.js:327:22)
    at DerivedLogger.EventEmitter.emit (domain.js:485:12)
    at addChunk (/usr/local/lib/node_modules/firebase-tools/node_modules/readable-stream/lib/_stream_readable.js:298:12)
    at readableAddChunk (/usr/local/lib/node_modules/firebase-tools/node_modules/readable-stream/lib/_stream_readable.js:280:11)
[error] 
[error] Error: An unexpected error has occurred.
[info] i  firestore: Stopping Firestore Emulator {"metadata":{"emulator":{"name":"firestore"},"message":"Stopping Firestore Emulator"}}
[debug] [2021-07-19T07:42:10.736Z] *** shutting down gRPC server since JVM is shutting down
 {"metadata":{"emulator":{"name":"firestore"},"message":"*** shutting down gRPC server since JVM is shutting down\n"}}
[debug] [2021-07-19T07:42:10.789Z] *** server shut down {"metadata":{"emulator":{"name":"firestore"},"message":"*** server shut down"}}
[debug] [2021-07-19T07:42:10.789Z] 
 {"metadata":{"emulator":{"name":"firestore"},"message":"\n"}}
